{"/data/data/com.termux/files/home/music-generator-back-end/src/schema.ts": {"path":"/data/data/com.termux/files/home/music-generator-back-end/src/schema.ts","all":false,"statementMap":{"0":{"start":{"line":1,"column":0},"end":{"line":1,"column":51}},"1":{"start":{"line":2,"column":0},"end":{"line":2,"column":28}},"2":{"start":{"line":3,"column":0},"end":{"line":3,"column":15}},"3":{"start":{"line":4,"column":0},"end":{"line":4,"column":0}},"4":{"start":{"line":5,"column":0},"end":{"line":5,"column":52}},"5":{"start":{"line":6,"column":0},"end":{"line":6,"column":0}},"6":{"start":{"line":7,"column":0},"end":{"line":7,"column":47}},"7":{"start":{"line":8,"column":0},"end":{"line":8,"column":0}},"8":{"start":{"line":9,"column":0},"end":{"line":9,"column":31}},"9":{"start":{"line":10,"column":0},"end":{"line":10,"column":14}},"10":{"start":{"line":11,"column":0},"end":{"line":11,"column":15}},"11":{"start":{"line":12,"column":0},"end":{"line":12,"column":15}},"12":{"start":{"line":13,"column":0},"end":{"line":13,"column":19}},"13":{"start":{"line":14,"column":0},"end":{"line":14,"column":22}},"14":{"start":{"line":15,"column":0},"end":{"line":15,"column":2}},"15":{"start":{"line":16,"column":0},"end":{"line":16,"column":0}},"16":{"start":{"line":17,"column":0},"end":{"line":17,"column":54}}},"s":{"0":1,"1":1,"2":1,"3":1,"4":1,"5":1,"6":1,"7":1,"8":1,"9":1,"10":1,"11":1,"12":1,"13":1,"14":1,"15":1,"16":1},"branchMap":{},"b":{},"fnMap":{"0":{"name":"get","decl":{"start":{"line":17,"column":13},"end":{"line":17,"column":18}},"loc":{"start":{"line":17,"column":13},"end":{"line":17,"column":18}},"line":17}},"f":{"0":0}}
,"/data/data/com.termux/files/home/music-generator-back-end/src/repositories/findByUserDB/index.ts": {"path":"/data/data/com.termux/files/home/music-generator-back-end/src/repositories/findByUserDB/index.ts","all":false,"statementMap":{"0":{"start":{"line":1,"column":0},"end":{"line":1,"column":37}},"1":{"start":{"line":2,"column":0},"end":{"line":2,"column":35}},"2":{"start":{"line":3,"column":0},"end":{"line":3,"column":28}},"3":{"start":{"line":4,"column":0},"end":{"line":4,"column":15}},"4":{"start":{"line":5,"column":0},"end":{"line":5,"column":52}},"5":{"start":{"line":6,"column":0},"end":{"line":6,"column":0}},"6":{"start":{"line":7,"column":0},"end":{"line":7,"column":51}},"7":{"start":{"line":8,"column":0},"end":{"line":8,"column":7}},"8":{"start":{"line":9,"column":0},"end":{"line":9,"column":32}},"9":{"start":{"line":10,"column":0},"end":{"line":10,"column":54}},"10":{"start":{"line":11,"column":0},"end":{"line":11,"column":15}},"11":{"start":{"line":12,"column":0},"end":{"line":12,"column":0}},"12":{"start":{"line":13,"column":0},"end":{"line":13,"column":18}},"13":{"start":{"line":14,"column":0},"end":{"line":14,"column":22}},"14":{"start":{"line":15,"column":0},"end":{"line":15,"column":3}},"15":{"start":{"line":16,"column":0},"end":{"line":16,"column":1}}},"s":{"0":1,"1":1,"2":1,"3":1,"4":1,"5":1,"6":1,"7":1,"8":1,"9":0,"10":0,"11":0,"12":0,"13":0,"14":0,"15":1},"branchMap":{"0":{"type":"branch","line":7,"loc":{"start":{"line":7,"column":22},"end":{"line":7,"column":34}},"locations":[{"start":{"line":7,"column":22},"end":{"line":7,"column":34}}]},"1":{"type":"branch","line":7,"loc":{"start":{"line":7,"column":7},"end":{"line":16,"column":1}},"locations":[{"start":{"line":7,"column":7},"end":{"line":16,"column":1}}]},"2":{"type":"branch","line":10,"loc":{"start":{"line":10,"column":-1},"end":{"line":15,"column":3}},"locations":[{"start":{"line":10,"column":-1},"end":{"line":15,"column":3}}]}},"b":{"0":[1],"1":[1],"2":[0]},"fnMap":{"0":{"name":"get","decl":{"start":{"line":7,"column":22},"end":{"line":7,"column":34}},"loc":{"start":{"line":7,"column":22},"end":{"line":7,"column":34}},"line":7},"1":{"name":"findByUserDB","decl":{"start":{"line":7,"column":7},"end":{"line":16,"column":1}},"loc":{"start":{"line":7,"column":7},"end":{"line":16,"column":1}},"line":7}},"f":{"0":1,"1":1}}
}
